0 info it worked if it ends with ok
1 verbose cli [ 'node', '/usr/local/bin/npm', 'start' ]
2 info using npm@3.7.1
3 info using node@v0.12.0
4 verbose node symlink /usr/local/bin/node
5 verbose run-script [ 'prestart', 'start', 'poststart' ]
6 info lifecycle nwind2@1.0.0~prestart: nwind2@1.0.0
7 silly lifecycle nwind2@1.0.0~prestart: no script for prestart, continuing
8 info lifecycle nwind2@1.0.0~start: nwind2@1.0.0
9 verbose lifecycle nwind2@1.0.0~start: unsafe-perm in lifecycle true
10 verbose lifecycle nwind2@1.0.0~start: PATH: /usr/local/lib/node_modules/npm/bin/node-gyp-bin:/Applications/XAMPP/xamppfiles/htdocs/Fullstack/northwindSPA/nwind2/node_modules/.bin:/usr/local/bin:/Users/dsohval/anaconda/bin:/Library/Frameworks/Python.framework/Versions/2.7/bin:/usr/local/opt/php56/bin:/usr/local/bin:/usr/bin:/bin:/usr/sbin:/sbin
11 verbose lifecycle nwind2@1.0.0~start: CWD: /Applications/XAMPP/xamppfiles/htdocs/Fullstack/northwindSPA/nwind2
12 silly lifecycle nwind2@1.0.0~start: Args: [ '-c', 'nodemon --watch server -e js,html server/main.js' ]
13 info lifecycle nwind2@1.0.0~start: Failed to exec start script
14 verbose stack Error: nwind2@1.0.0 start: `nodemon --watch server -e js,html server/main.js`
14 verbose stack spawn ENOENT
14 verbose stack     at ChildProcess.<anonymous> (/usr/local/lib/node_modules/npm/lib/utils/spawn.js:17:16)
14 verbose stack     at ChildProcess.emit (events.js:110:17)
14 verbose stack     at maybeClose (child_process.js:1008:16)
14 verbose stack     at Process.ChildProcess._handle.onexit (child_process.js:1080:5)
15 verbose pkgid nwind2@1.0.0
16 verbose cwd /Applications/XAMPP/xamppfiles/htdocs/Fullstack/northwindSPA/nwind2
17 error Darwin 14.5.0
18 error argv "node" "/usr/local/bin/npm" "start"
19 error node v0.12.0
20 error npm  v3.7.1
21 error file sh
22 error code ELIFECYCLE
23 error errno ENOENT
24 error syscall spawn
25 error nwind2@1.0.0 start: `nodemon --watch server -e js,html server/main.js`
25 error spawn ENOENT
26 error Failed at the nwind2@1.0.0 start script 'nodemon --watch server -e js,html server/main.js'.
26 error Make sure you have the latest version of node.js and npm installed.
26 error If you do, this is most likely a problem with the nwind2 package,
26 error not with npm itself.
26 error Tell the author that this fails on your system:
26 error     nodemon --watch server -e js,html server/main.js
26 error You can get information on how to open an issue for this project with:
26 error     npm bugs nwind2
26 error Or if that isn't available, you can get their info via:
26 error     npm owner ls nwind2
26 error There is likely additional logging output above.
27 verbose exit [ 1, true ]
